###############################################################
#  Generated by:      Cadence Innovus 21.19-s058_1
#  OS:                Linux x86_64(Host ID endeavour.ece.iit.edu)
#  Generated on:      Wed Dec  3 21:36:37 2025
#  Design:            cpu
#  Command:           verifyConnectivity
###############################################################
Verify Connectivity Report is created on Wed Dec  3 21:36:37 2025



Net vdd: has special routes with opens at (0.000, 2.460) (183.810, 183.460)
Net vdd: has special routes with opens at (0.000, -0.085) (177.840, 0.085)
Net vdd: dangling Wire at (0.000, 0.000) (0.000, 0.000) on layer: metal1
Net vdd: dangling Wire at (177.840, 0.000) (177.840, 0.000) on layer: metal1
Net vdd: dangling Wire at (0.000, 2.800) (0.000, 2.800) on layer: metal1
Net vdd: dangling Wire at (177.840, 2.800) (177.840, 2.800) on layer: metal1
Net vdd: dangling Wire at (0.000, 5.600) (0.000, 5.600) on layer: metal1
Net vdd: dangling Wire at (177.840, 5.600) (177.840, 5.600) on layer: metal1
Net vdd: dangling Wire at (0.000, 8.400) (0.000, 8.400) on layer: metal1
Net vdd: dangling Wire at (177.840, 8.400) (177.840, 8.400) on layer: metal1
Net vdd: dangling Wire at (0.000, 11.200) (0.000, 11.200) on layer: metal1
Net vdd: dangling Wire at (177.840, 11.200) (177.840, 11.200) on layer: metal1
Net vdd: dangling Wire at (0.000, 14.000) (0.000, 14.000) on layer: metal1
Net vdd: dangling Wire at (177.840, 14.000) (177.840, 14.000) on layer: metal1
Net vdd: dangling Wire at (0.000, 16.800) (0.000, 16.800) on layer: metal1
Net vdd: dangling Wire at (177.840, 16.800) (177.840, 16.800) on layer: metal1
Net vdd: dangling Wire at (0.000, 19.600) (0.000, 19.600) on layer: metal1
Net vdd: dangling Wire at (177.840, 19.600) (177.840, 19.600) on layer: metal1
Net vdd: dangling Wire at (0.000, 22.400) (0.000, 22.400) on layer: metal1
Net vdd: dangling Wire at (177.840, 22.400) (177.840, 22.400) on layer: metal1
Net vdd: dangling Wire at (0.000, 25.200) (0.000, 25.200) on layer: metal1
Net vdd: dangling Wire at (177.840, 25.200) (177.840, 25.200) on layer: metal1
Net vdd: dangling Wire at (0.000, 28.000) (0.000, 28.000) on layer: metal1
Net vdd: dangling Wire at (177.840, 28.000) (177.840, 28.000) on layer: metal1
Net vdd: dangling Wire at (0.000, 30.800) (0.000, 30.800) on layer: metal1
Net vdd: dangling Wire at (177.840, 30.800) (177.840, 30.800) on layer: metal1
Net vdd: dangling Wire at (0.000, 33.600) (0.000, 33.600) on layer: metal1
Net vdd: dangling Wire at (177.840, 33.600) (177.840, 33.600) on layer: metal1
Net vdd: dangling Wire at (0.000, 36.400) (0.000, 36.400) on layer: metal1
Net vdd: dangling Wire at (177.840, 36.400) (177.840, 36.400) on layer: metal1
Net vdd: dangling Wire at (0.000, 39.200) (0.000, 39.200) on layer: metal1
Net vdd: dangling Wire at (177.840, 39.200) (177.840, 39.200) on layer: metal1
Net vdd: dangling Wire at (0.000, 42.000) (0.000, 42.000) on layer: metal1
Net vdd: dangling Wire at (177.840, 42.000) (177.840, 42.000) on layer: metal1
Net vdd: dangling Wire at (0.000, 44.800) (0.000, 44.800) on layer: metal1
Net vdd: dangling Wire at (177.840, 44.800) (177.840, 44.800) on layer: metal1
Net vdd: dangling Wire at (0.000, 47.600) (0.000, 47.600) on layer: metal1
Net vdd: dangling Wire at (177.840, 47.600) (177.840, 47.600) on layer: metal1
Net vdd: dangling Wire at (0.000, 50.400) (0.000, 50.400) on layer: metal1
Net vdd: dangling Wire at (177.840, 50.400) (177.840, 50.400) on layer: metal1
Net vdd: dangling Wire at (0.000, 53.200) (0.000, 53.200) on layer: metal1
Net vdd: dangling Wire at (177.840, 53.200) (177.840, 53.200) on layer: metal1
Net vdd: dangling Wire at (0.000, 56.000) (0.000, 56.000) on layer: metal1
Net vdd: dangling Wire at (177.840, 56.000) (177.840, 56.000) on layer: metal1
Net vdd: dangling Wire at (0.000, 58.800) (0.000, 58.800) on layer: metal1
Net vdd: dangling Wire at (177.840, 58.800) (177.840, 58.800) on layer: metal1
Net vdd: dangling Wire at (0.000, 61.600) (0.000, 61.600) on layer: metal1
Net vdd: dangling Wire at (177.840, 61.600) (177.840, 61.600) on layer: metal1
Net vdd: dangling Wire at (0.000, 64.400) (0.000, 64.400) on layer: metal1
Net vdd: dangling Wire at (177.840, 64.400) (177.840, 64.400) on layer: metal1
Net vdd: dangling Wire at (0.000, 67.200) (0.000, 67.200) on layer: metal1
Net vdd: dangling Wire at (177.840, 67.200) (177.840, 67.200) on layer: metal1
Net vdd: dangling Wire at (0.000, 70.000) (0.000, 70.000) on layer: metal1
Net vdd: dangling Wire at (177.840, 70.000) (177.840, 70.000) on layer: metal1
Net vdd: dangling Wire at (0.000, 72.800) (0.000, 72.800) on layer: metal1
Net vdd: dangling Wire at (177.840, 72.800) (177.840, 72.800) on layer: metal1
Net vdd: dangling Wire at (0.000, 75.600) (0.000, 75.600) on layer: metal1
Net vdd: dangling Wire at (177.840, 75.600) (177.840, 75.600) on layer: metal1
Net vdd: dangling Wire at (0.000, 78.400) (0.000, 78.400) on layer: metal1
Net vdd: dangling Wire at (177.840, 78.400) (177.840, 78.400) on layer: metal1
Net vdd: dangling Wire at (0.000, 81.200) (0.000, 81.200) on layer: metal1
Net vdd: dangling Wire at (177.840, 81.200) (177.840, 81.200) on layer: metal1
Net vdd: dangling Wire at (0.000, 84.000) (0.000, 84.000) on layer: metal1
Net vdd: dangling Wire at (177.840, 84.000) (177.840, 84.000) on layer: metal1
Net vdd: dangling Wire at (0.000, 86.800) (0.000, 86.800) on layer: metal1
Net vdd: dangling Wire at (177.840, 86.800) (177.840, 86.800) on layer: metal1
Net vdd: dangling Wire at (0.000, 89.600) (0.000, 89.600) on layer: metal1
Net vdd: dangling Wire at (177.840, 89.600) (177.840, 89.600) on layer: metal1
Net vdd: dangling Wire at (0.000, 92.400) (0.000, 92.400) on layer: metal1
Net vdd: dangling Wire at (177.840, 92.400) (177.840, 92.400) on layer: metal1
Net vdd: dangling Wire at (0.000, 95.200) (0.000, 95.200) on layer: metal1
Net vdd: dangling Wire at (177.840, 95.200) (177.840, 95.200) on layer: metal1
Net vdd: dangling Wire at (0.000, 98.000) (0.000, 98.000) on layer: metal1
Net vdd: dangling Wire at (177.840, 98.000) (177.840, 98.000) on layer: metal1
Net vdd: dangling Wire at (0.000, 100.800) (0.000, 100.800) on layer: metal1
Net vdd: dangling Wire at (177.840, 100.800) (177.840, 100.800) on layer: metal1
Net vdd: dangling Wire at (0.000, 103.600) (0.000, 103.600) on layer: metal1
Net vdd: dangling Wire at (177.840, 103.600) (177.840, 103.600) on layer: metal1
Net vdd: dangling Wire at (0.000, 106.400) (0.000, 106.400) on layer: metal1
Net vdd: dangling Wire at (177.840, 106.400) (177.840, 106.400) on layer: metal1
Net vdd: dangling Wire at (0.000, 109.200) (0.000, 109.200) on layer: metal1
Net vdd: dangling Wire at (177.840, 109.200) (177.840, 109.200) on layer: metal1
Net vdd: dangling Wire at (0.000, 112.000) (0.000, 112.000) on layer: metal1
Net vdd: dangling Wire at (177.840, 112.000) (177.840, 112.000) on layer: metal1
Net vdd: dangling Wire at (0.000, 114.800) (0.000, 114.800) on layer: metal1
Net vdd: dangling Wire at (177.840, 114.800) (177.840, 114.800) on layer: metal1
Net vdd: dangling Wire at (0.000, 117.600) (0.000, 117.600) on layer: metal1
Net vdd: dangling Wire at (177.840, 117.600) (177.840, 117.600) on layer: metal1
Net vdd: dangling Wire at (0.000, 120.400) (0.000, 120.400) on layer: metal1
Net vdd: dangling Wire at (177.840, 120.400) (177.840, 120.400) on layer: metal1
Net vdd: dangling Wire at (0.000, 123.200) (0.000, 123.200) on layer: metal1
Net vdd: dangling Wire at (177.840, 123.200) (177.840, 123.200) on layer: metal1
Net vdd: dangling Wire at (0.000, 126.000) (0.000, 126.000) on layer: metal1
Net vdd: dangling Wire at (177.840, 126.000) (177.840, 126.000) on layer: metal1
Net vdd: dangling Wire at (0.000, 128.800) (0.000, 128.800) on layer: metal1
Net vdd: dangling Wire at (177.840, 128.800) (177.840, 128.800) on layer: metal1
Net vdd: dangling Wire at (0.000, 131.600) (0.000, 131.600) on layer: metal1
Net vdd: dangling Wire at (177.840, 131.600) (177.840, 131.600) on layer: metal1
Net vdd: dangling Wire at (0.000, 134.400) (0.000, 134.400) on layer: metal1
Net vdd: dangling Wire at (177.840, 134.400) (177.840, 134.400) on layer: metal1
Net vdd: dangling Wire at (0.000, 137.200) (0.000, 137.200) on layer: metal1
Net vdd: dangling Wire at (177.840, 137.200) (177.840, 137.200) on layer: metal1
Net vdd: dangling Wire at (0.000, 140.000) (0.000, 140.000) on layer: metal1
Net vdd: dangling Wire at (177.840, 140.000) (177.840, 140.000) on layer: metal1
Net vdd: dangling Wire at (0.000, 142.800) (0.000, 142.800) on layer: metal1
Net vdd: dangling Wire at (177.840, 142.800) (177.840, 142.800) on layer: metal1
Net vdd: dangling Wire at (0.000, 145.600) (0.000, 145.600) on layer: metal1
Net vdd: dangling Wire at (177.840, 145.600) (177.840, 145.600) on layer: metal1
Net vdd: dangling Wire at (0.000, 148.400) (0.000, 148.400) on layer: metal1
Net vdd: dangling Wire at (177.840, 148.400) (177.840, 148.400) on layer: metal1
Net vdd: dangling Wire at (0.000, 151.200) (0.000, 151.200) on layer: metal1
Net vdd: dangling Wire at (177.840, 151.200) (177.840, 151.200) on layer: metal1
Net vdd: dangling Wire at (0.000, 154.000) (0.000, 154.000) on layer: metal1
Net vdd: dangling Wire at (177.840, 154.000) (177.840, 154.000) on layer: metal1
Net vdd: dangling Wire at (0.000, 156.800) (0.000, 156.800) on layer: metal1
Net vdd: dangling Wire at (177.840, 156.800) (177.840, 156.800) on layer: metal1
Net vdd: dangling Wire at (0.000, 159.600) (0.000, 159.600) on layer: metal1
Net vdd: dangling Wire at (177.840, 159.600) (177.840, 159.600) on layer: metal1
Net vdd: dangling Wire at (0.000, 162.400) (0.000, 162.400) on layer: metal1
Net vdd: dangling Wire at (177.840, 162.400) (177.840, 162.400) on layer: metal1
Net vdd: dangling Wire at (0.000, 165.200) (0.000, 165.200) on layer: metal1
Net vdd: dangling Wire at (177.840, 165.200) (177.840, 165.200) on layer: metal1
Net vdd: dangling Wire at (0.000, 168.000) (0.000, 168.000) on layer: metal1
Net vdd: dangling Wire at (177.840, 168.000) (177.840, 168.000) on layer: metal1
Net vdd: dangling Wire at (0.000, 170.800) (0.000, 170.800) on layer: metal1
Net vdd: dangling Wire at (177.840, 170.800) (177.840, 170.800) on layer: metal1
Net vdd: dangling Wire at (0.000, 173.600) (0.000, 173.600) on layer: metal1
Net vdd: dangling Wire at (177.840, 173.600) (177.840, 173.600) on layer: metal1
Net vdd: dangling Wire at (0.000, 176.400) (0.000, 176.400) on layer: metal1
Net vdd: dangling Wire at (177.840, 176.400) (177.840, 176.400) on layer: metal1
Net gnd: dangling Wire at (0.000, 1.400) (0.000, 1.400) on layer: metal1
Net gnd: dangling Wire at (177.840, 1.400) (177.840, 1.400) on layer: metal1
Net gnd: dangling Wire at (0.000, 4.200) (0.000, 4.200) on layer: metal1
Net gnd: dangling Wire at (177.840, 4.200) (177.840, 4.200) on layer: metal1
Net gnd: dangling Wire at (0.000, 7.000) (0.000, 7.000) on layer: metal1
Net gnd: dangling Wire at (177.840, 7.000) (177.840, 7.000) on layer: metal1
Net gnd: dangling Wire at (0.000, 9.800) (0.000, 9.800) on layer: metal1
Net gnd: dangling Wire at (177.840, 9.800) (177.840, 9.800) on layer: metal1
Net gnd: dangling Wire at (0.000, 12.600) (0.000, 12.600) on layer: metal1
Net gnd: dangling Wire at (177.840, 12.600) (177.840, 12.600) on layer: metal1
Net gnd: dangling Wire at (0.000, 15.400) (0.000, 15.400) on layer: metal1
Net gnd: dangling Wire at (177.840, 15.400) (177.840, 15.400) on layer: metal1
Net gnd: dangling Wire at (0.000, 18.200) (0.000, 18.200) on layer: metal1
Net gnd: dangling Wire at (177.840, 18.200) (177.840, 18.200) on layer: metal1
Net gnd: dangling Wire at (0.000, 21.000) (0.000, 21.000) on layer: metal1
Net gnd: dangling Wire at (177.840, 21.000) (177.840, 21.000) on layer: metal1
Net gnd: dangling Wire at (0.000, 23.800) (0.000, 23.800) on layer: metal1
Net gnd: dangling Wire at (177.840, 23.800) (177.840, 23.800) on layer: metal1
Net gnd: dangling Wire at (0.000, 26.600) (0.000, 26.600) on layer: metal1
Net gnd: dangling Wire at (177.840, 26.600) (177.840, 26.600) on layer: metal1
Net gnd: dangling Wire at (0.000, 29.400) (0.000, 29.400) on layer: metal1
Net gnd: dangling Wire at (177.840, 29.400) (177.840, 29.400) on layer: metal1
Net gnd: dangling Wire at (0.000, 32.200) (0.000, 32.200) on layer: metal1
Net gnd: dangling Wire at (177.840, 32.200) (177.840, 32.200) on layer: metal1
Net gnd: dangling Wire at (0.000, 35.000) (0.000, 35.000) on layer: metal1
Net gnd: dangling Wire at (177.840, 35.000) (177.840, 35.000) on layer: metal1
Net gnd: dangling Wire at (0.000, 37.800) (0.000, 37.800) on layer: metal1
Net gnd: dangling Wire at (177.840, 37.800) (177.840, 37.800) on layer: metal1
Net gnd: dangling Wire at (0.000, 40.600) (0.000, 40.600) on layer: metal1
Net gnd: dangling Wire at (177.840, 40.600) (177.840, 40.600) on layer: metal1
Net gnd: dangling Wire at (0.000, 43.400) (0.000, 43.400) on layer: metal1
Net gnd: dangling Wire at (177.840, 43.400) (177.840, 43.400) on layer: metal1
Net gnd: dangling Wire at (0.000, 46.200) (0.000, 46.200) on layer: metal1
Net gnd: dangling Wire at (177.840, 46.200) (177.840, 46.200) on layer: metal1
Net gnd: dangling Wire at (0.000, 49.000) (0.000, 49.000) on layer: metal1
Net gnd: dangling Wire at (177.840, 49.000) (177.840, 49.000) on layer: metal1
Net gnd: dangling Wire at (0.000, 51.800) (0.000, 51.800) on layer: metal1
Net gnd: dangling Wire at (177.840, 51.800) (177.840, 51.800) on layer: metal1
Net gnd: dangling Wire at (0.000, 54.600) (0.000, 54.600) on layer: metal1
Net gnd: dangling Wire at (177.840, 54.600) (177.840, 54.600) on layer: metal1
Net gnd: dangling Wire at (0.000, 57.400) (0.000, 57.400) on layer: metal1
Net gnd: dangling Wire at (177.840, 57.400) (177.840, 57.400) on layer: metal1
Net gnd: dangling Wire at (0.000, 60.200) (0.000, 60.200) on layer: metal1
Net gnd: dangling Wire at (177.840, 60.200) (177.840, 60.200) on layer: metal1
Net gnd: dangling Wire at (0.000, 63.000) (0.000, 63.000) on layer: metal1
Net gnd: dangling Wire at (177.840, 63.000) (177.840, 63.000) on layer: metal1
Net gnd: dangling Wire at (0.000, 65.800) (0.000, 65.800) on layer: metal1
Net gnd: dangling Wire at (177.840, 65.800) (177.840, 65.800) on layer: metal1
Net gnd: dangling Wire at (0.000, 68.600) (0.000, 68.600) on layer: metal1
Net gnd: dangling Wire at (177.840, 68.600) (177.840, 68.600) on layer: metal1
Net gnd: dangling Wire at (0.000, 71.400) (0.000, 71.400) on layer: metal1
Net gnd: dangling Wire at (177.840, 71.400) (177.840, 71.400) on layer: metal1
Net gnd: dangling Wire at (0.000, 74.200) (0.000, 74.200) on layer: metal1
Net gnd: dangling Wire at (177.840, 74.200) (177.840, 74.200) on layer: metal1
Net gnd: dangling Wire at (0.000, 77.000) (0.000, 77.000) on layer: metal1
Net gnd: dangling Wire at (177.840, 77.000) (177.840, 77.000) on layer: metal1
Net gnd: dangling Wire at (0.000, 79.800) (0.000, 79.800) on layer: metal1
Net gnd: dangling Wire at (177.840, 79.800) (177.840, 79.800) on layer: metal1
Net gnd: dangling Wire at (0.000, 82.600) (0.000, 82.600) on layer: metal1
Net gnd: dangling Wire at (177.840, 82.600) (177.840, 82.600) on layer: metal1
Net gnd: dangling Wire at (0.000, 85.400) (0.000, 85.400) on layer: metal1
Net gnd: dangling Wire at (177.840, 85.400) (177.840, 85.400) on layer: metal1
Net gnd: dangling Wire at (0.000, 88.200) (0.000, 88.200) on layer: metal1
Net gnd: dangling Wire at (177.840, 88.200) (177.840, 88.200) on layer: metal1
Net gnd: dangling Wire at (0.000, 91.000) (0.000, 91.000) on layer: metal1
Net gnd: dangling Wire at (177.840, 91.000) (177.840, 91.000) on layer: metal1
Net gnd: dangling Wire at (0.000, 93.800) (0.000, 93.800) on layer: metal1
Net gnd: dangling Wire at (177.840, 93.800) (177.840, 93.800) on layer: metal1
Net gnd: dangling Wire at (0.000, 96.600) (0.000, 96.600) on layer: metal1
Net gnd: dangling Wire at (177.840, 96.600) (177.840, 96.600) on layer: metal1
Net gnd: dangling Wire at (0.000, 99.400) (0.000, 99.400) on layer: metal1
Net gnd: dangling Wire at (177.840, 99.400) (177.840, 99.400) on layer: metal1
Net gnd: dangling Wire at (0.000, 102.200) (0.000, 102.200) on layer: metal1
Net gnd: dangling Wire at (177.840, 102.200) (177.840, 102.200) on layer: metal1
Net gnd: dangling Wire at (0.000, 105.000) (0.000, 105.000) on layer: metal1
Net gnd: dangling Wire at (177.840, 105.000) (177.840, 105.000) on layer: metal1
Net gnd: dangling Wire at (0.000, 107.800) (0.000, 107.800) on layer: metal1
Net gnd: dangling Wire at (177.840, 107.800) (177.840, 107.800) on layer: metal1
Net gnd: dangling Wire at (0.000, 110.600) (0.000, 110.600) on layer: metal1
Net gnd: dangling Wire at (177.840, 110.600) (177.840, 110.600) on layer: metal1
Net gnd: dangling Wire at (0.000, 113.400) (0.000, 113.400) on layer: metal1
Net gnd: dangling Wire at (177.840, 113.400) (177.840, 113.400) on layer: metal1
Net gnd: dangling Wire at (0.000, 116.200) (0.000, 116.200) on layer: metal1
Net gnd: dangling Wire at (177.840, 116.200) (177.840, 116.200) on layer: metal1
Net gnd: dangling Wire at (0.000, 119.000) (0.000, 119.000) on layer: metal1
Net gnd: dangling Wire at (177.840, 119.000) (177.840, 119.000) on layer: metal1
Net gnd: dangling Wire at (0.000, 121.800) (0.000, 121.800) on layer: metal1
Net gnd: dangling Wire at (177.840, 121.800) (177.840, 121.800) on layer: metal1
Net gnd: dangling Wire at (0.000, 124.600) (0.000, 124.600) on layer: metal1
Net gnd: dangling Wire at (177.840, 124.600) (177.840, 124.600) on layer: metal1
Net gnd: dangling Wire at (0.000, 127.400) (0.000, 127.400) on layer: metal1
Net gnd: dangling Wire at (177.840, 127.400) (177.840, 127.400) on layer: metal1
Net gnd: dangling Wire at (0.000, 130.200) (0.000, 130.200) on layer: metal1
Net gnd: dangling Wire at (177.840, 130.200) (177.840, 130.200) on layer: metal1
Net gnd: dangling Wire at (0.000, 133.000) (0.000, 133.000) on layer: metal1
Net gnd: dangling Wire at (177.840, 133.000) (177.840, 133.000) on layer: metal1
Net gnd: dangling Wire at (0.000, 135.800) (0.000, 135.800) on layer: metal1
Net gnd: dangling Wire at (177.840, 135.800) (177.840, 135.800) on layer: metal1
Net gnd: dangling Wire at (0.000, 138.600) (0.000, 138.600) on layer: metal1
Net gnd: dangling Wire at (177.840, 138.600) (177.840, 138.600) on layer: metal1
Net gnd: dangling Wire at (0.000, 141.400) (0.000, 141.400) on layer: metal1
Net gnd: dangling Wire at (177.840, 141.400) (177.840, 141.400) on layer: metal1
Net gnd: dangling Wire at (0.000, 144.200) (0.000, 144.200) on layer: metal1
Net gnd: dangling Wire at (177.840, 144.200) (177.840, 144.200) on layer: metal1
Net gnd: dangling Wire at (0.000, 147.000) (0.000, 147.000) on layer: metal1
Net gnd: dangling Wire at (177.840, 147.000) (177.840, 147.000) on layer: metal1
Net gnd: dangling Wire at (0.000, 149.800) (0.000, 149.800) on layer: metal1
Net gnd: dangling Wire at (177.840, 149.800) (177.840, 149.800) on layer: metal1
Net gnd: dangling Wire at (0.000, 152.600) (0.000, 152.600) on layer: metal1
Net gnd: dangling Wire at (177.840, 152.600) (177.840, 152.600) on layer: metal1
Net gnd: dangling Wire at (0.000, 155.400) (0.000, 155.400) on layer: metal1
Net gnd: dangling Wire at (177.840, 155.400) (177.840, 155.400) on layer: metal1
Net gnd: dangling Wire at (0.000, 158.200) (0.000, 158.200) on layer: metal1
Net gnd: dangling Wire at (177.840, 158.200) (177.840, 158.200) on layer: metal1
Net gnd: dangling Wire at (0.000, 161.000) (0.000, 161.000) on layer: metal1
Net gnd: dangling Wire at (177.840, 161.000) (177.840, 161.000) on layer: metal1
Net gnd: dangling Wire at (0.000, 163.800) (0.000, 163.800) on layer: metal1
Net gnd: dangling Wire at (177.840, 163.800) (177.840, 163.800) on layer: metal1
Net gnd: dangling Wire at (0.000, 166.600) (0.000, 166.600) on layer: metal1
Net gnd: dangling Wire at (177.840, 166.600) (177.840, 166.600) on layer: metal1
Net gnd: dangling Wire at (0.000, 169.400) (0.000, 169.400) on layer: metal1
Net gnd: dangling Wire at (177.840, 169.400) (177.840, 169.400) on layer: metal1
Net gnd: dangling Wire at (0.000, 172.200) (0.000, 172.200) on layer: metal1
Net gnd: dangling Wire at (177.840, 172.200) (177.840, 172.200) on layer: metal1
Net gnd: dangling Wire at (0.000, 175.000) (0.000, 175.000) on layer: metal1
Net gnd: dangling Wire at (177.840, 175.000) (177.840, 175.000) on layer: metal1
Net gnd: dangling Wire at (0.000, 177.800) (0.000, 177.800) on layer: metal1
Net gnd: dangling Wire at (177.840, 177.800) (177.840, 177.800) on layer: metal1

Begin Summary
    2 Problem(s) (IMPVFC-200): Special Wires: Pieces of the net are not connected together.
    256 Problem(s) (IMPVFC-94): The net has dangling wire(s).
    258 total info(s) created.
End Summary
