###############################################################
#  Generated by:      Cadence Innovus 21.19-s058_1
#  OS:                Linux x86_64(Host ID endeavour.ece.iit.edu)
#  Generated on:      Tue Dec  2 22:10:16 2025
#  Design:            cpu
#  Command:           verifyConnectivity
###############################################################
Verify Connectivity Report is created on Tue Dec  2 22:10:16 2025



Net vdd: has special routes with opens at (0.000, 2.460) (183.240, 180.660)
Net vdd: has special routes with opens at (0.000, -0.085) (177.270, 0.085)
Net vdd: dangling Wire at (0.000, 0.000) (0.000, 0.000) on layer: metal1
Net vdd: dangling Wire at (177.270, 0.000) (177.270, 0.000) on layer: metal1
Net vdd: dangling Wire at (0.000, 2.800) (0.000, 2.800) on layer: metal1
Net vdd: dangling Wire at (177.270, 2.800) (177.270, 2.800) on layer: metal1
Net vdd: dangling Wire at (0.000, 5.600) (0.000, 5.600) on layer: metal1
Net vdd: dangling Wire at (177.270, 5.600) (177.270, 5.600) on layer: metal1
Net vdd: dangling Wire at (0.000, 8.400) (0.000, 8.400) on layer: metal1
Net vdd: dangling Wire at (177.270, 8.400) (177.270, 8.400) on layer: metal1
Net vdd: dangling Wire at (0.000, 11.200) (0.000, 11.200) on layer: metal1
Net vdd: dangling Wire at (177.270, 11.200) (177.270, 11.200) on layer: metal1
Net vdd: dangling Wire at (0.000, 14.000) (0.000, 14.000) on layer: metal1
Net vdd: dangling Wire at (177.270, 14.000) (177.270, 14.000) on layer: metal1
Net vdd: dangling Wire at (0.000, 16.800) (0.000, 16.800) on layer: metal1
Net vdd: dangling Wire at (177.270, 16.800) (177.270, 16.800) on layer: metal1
Net vdd: dangling Wire at (0.000, 19.600) (0.000, 19.600) on layer: metal1
Net vdd: dangling Wire at (177.270, 19.600) (177.270, 19.600) on layer: metal1
Net vdd: dangling Wire at (0.000, 22.400) (0.000, 22.400) on layer: metal1
Net vdd: dangling Wire at (177.270, 22.400) (177.270, 22.400) on layer: metal1
Net vdd: dangling Wire at (0.000, 25.200) (0.000, 25.200) on layer: metal1
Net vdd: dangling Wire at (177.270, 25.200) (177.270, 25.200) on layer: metal1
Net vdd: dangling Wire at (0.000, 28.000) (0.000, 28.000) on layer: metal1
Net vdd: dangling Wire at (177.270, 28.000) (177.270, 28.000) on layer: metal1
Net vdd: dangling Wire at (0.000, 30.800) (0.000, 30.800) on layer: metal1
Net vdd: dangling Wire at (177.270, 30.800) (177.270, 30.800) on layer: metal1
Net vdd: dangling Wire at (0.000, 33.600) (0.000, 33.600) on layer: metal1
Net vdd: dangling Wire at (177.270, 33.600) (177.270, 33.600) on layer: metal1
Net vdd: dangling Wire at (0.000, 36.400) (0.000, 36.400) on layer: metal1
Net vdd: dangling Wire at (177.270, 36.400) (177.270, 36.400) on layer: metal1
Net vdd: dangling Wire at (0.000, 39.200) (0.000, 39.200) on layer: metal1
Net vdd: dangling Wire at (177.270, 39.200) (177.270, 39.200) on layer: metal1
Net vdd: dangling Wire at (0.000, 42.000) (0.000, 42.000) on layer: metal1
Net vdd: dangling Wire at (177.270, 42.000) (177.270, 42.000) on layer: metal1
Net vdd: dangling Wire at (0.000, 44.800) (0.000, 44.800) on layer: metal1
Net vdd: dangling Wire at (177.270, 44.800) (177.270, 44.800) on layer: metal1
Net vdd: dangling Wire at (0.000, 47.600) (0.000, 47.600) on layer: metal1
Net vdd: dangling Wire at (177.270, 47.600) (177.270, 47.600) on layer: metal1
Net vdd: dangling Wire at (0.000, 50.400) (0.000, 50.400) on layer: metal1
Net vdd: dangling Wire at (177.270, 50.400) (177.270, 50.400) on layer: metal1
Net vdd: dangling Wire at (0.000, 53.200) (0.000, 53.200) on layer: metal1
Net vdd: dangling Wire at (177.270, 53.200) (177.270, 53.200) on layer: metal1
Net vdd: dangling Wire at (0.000, 56.000) (0.000, 56.000) on layer: metal1
Net vdd: dangling Wire at (177.270, 56.000) (177.270, 56.000) on layer: metal1
Net vdd: dangling Wire at (0.000, 58.800) (0.000, 58.800) on layer: metal1
Net vdd: dangling Wire at (177.270, 58.800) (177.270, 58.800) on layer: metal1
Net vdd: dangling Wire at (0.000, 61.600) (0.000, 61.600) on layer: metal1
Net vdd: dangling Wire at (177.270, 61.600) (177.270, 61.600) on layer: metal1
Net vdd: dangling Wire at (0.000, 64.400) (0.000, 64.400) on layer: metal1
Net vdd: dangling Wire at (177.270, 64.400) (177.270, 64.400) on layer: metal1
Net vdd: dangling Wire at (0.000, 67.200) (0.000, 67.200) on layer: metal1
Net vdd: dangling Wire at (177.270, 67.200) (177.270, 67.200) on layer: metal1
Net vdd: dangling Wire at (0.000, 70.000) (0.000, 70.000) on layer: metal1
Net vdd: dangling Wire at (177.270, 70.000) (177.270, 70.000) on layer: metal1
Net vdd: dangling Wire at (0.000, 72.800) (0.000, 72.800) on layer: metal1
Net vdd: dangling Wire at (177.270, 72.800) (177.270, 72.800) on layer: metal1
Net vdd: dangling Wire at (0.000, 75.600) (0.000, 75.600) on layer: metal1
Net vdd: dangling Wire at (177.270, 75.600) (177.270, 75.600) on layer: metal1
Net vdd: dangling Wire at (0.000, 78.400) (0.000, 78.400) on layer: metal1
Net vdd: dangling Wire at (177.270, 78.400) (177.270, 78.400) on layer: metal1
Net vdd: dangling Wire at (0.000, 81.200) (0.000, 81.200) on layer: metal1
Net vdd: dangling Wire at (177.270, 81.200) (177.270, 81.200) on layer: metal1
Net vdd: dangling Wire at (0.000, 84.000) (0.000, 84.000) on layer: metal1
Net vdd: dangling Wire at (177.270, 84.000) (177.270, 84.000) on layer: metal1
Net vdd: dangling Wire at (0.000, 86.800) (0.000, 86.800) on layer: metal1
Net vdd: dangling Wire at (177.270, 86.800) (177.270, 86.800) on layer: metal1
Net vdd: dangling Wire at (0.000, 89.600) (0.000, 89.600) on layer: metal1
Net vdd: dangling Wire at (177.270, 89.600) (177.270, 89.600) on layer: metal1
Net vdd: dangling Wire at (0.000, 92.400) (0.000, 92.400) on layer: metal1
Net vdd: dangling Wire at (177.270, 92.400) (177.270, 92.400) on layer: metal1
Net vdd: dangling Wire at (0.000, 95.200) (0.000, 95.200) on layer: metal1
Net vdd: dangling Wire at (177.270, 95.200) (177.270, 95.200) on layer: metal1
Net vdd: dangling Wire at (0.000, 98.000) (0.000, 98.000) on layer: metal1
Net vdd: dangling Wire at (177.270, 98.000) (177.270, 98.000) on layer: metal1
Net vdd: dangling Wire at (0.000, 100.800) (0.000, 100.800) on layer: metal1
Net vdd: dangling Wire at (177.270, 100.800) (177.270, 100.800) on layer: metal1
Net vdd: dangling Wire at (0.000, 103.600) (0.000, 103.600) on layer: metal1
Net vdd: dangling Wire at (177.270, 103.600) (177.270, 103.600) on layer: metal1
Net vdd: dangling Wire at (0.000, 106.400) (0.000, 106.400) on layer: metal1
Net vdd: dangling Wire at (177.270, 106.400) (177.270, 106.400) on layer: metal1
Net vdd: dangling Wire at (0.000, 109.200) (0.000, 109.200) on layer: metal1
Net vdd: dangling Wire at (177.270, 109.200) (177.270, 109.200) on layer: metal1
Net vdd: dangling Wire at (0.000, 112.000) (0.000, 112.000) on layer: metal1
Net vdd: dangling Wire at (177.270, 112.000) (177.270, 112.000) on layer: metal1
Net vdd: dangling Wire at (0.000, 114.800) (0.000, 114.800) on layer: metal1
Net vdd: dangling Wire at (177.270, 114.800) (177.270, 114.800) on layer: metal1
Net vdd: dangling Wire at (0.000, 117.600) (0.000, 117.600) on layer: metal1
Net vdd: dangling Wire at (177.270, 117.600) (177.270, 117.600) on layer: metal1
Net vdd: dangling Wire at (0.000, 120.400) (0.000, 120.400) on layer: metal1
Net vdd: dangling Wire at (177.270, 120.400) (177.270, 120.400) on layer: metal1
Net vdd: dangling Wire at (0.000, 123.200) (0.000, 123.200) on layer: metal1
Net vdd: dangling Wire at (177.270, 123.200) (177.270, 123.200) on layer: metal1
Net vdd: dangling Wire at (0.000, 126.000) (0.000, 126.000) on layer: metal1
Net vdd: dangling Wire at (177.270, 126.000) (177.270, 126.000) on layer: metal1
Net vdd: dangling Wire at (0.000, 128.800) (0.000, 128.800) on layer: metal1
Net vdd: dangling Wire at (177.270, 128.800) (177.270, 128.800) on layer: metal1
Net vdd: dangling Wire at (0.000, 131.600) (0.000, 131.600) on layer: metal1
Net vdd: dangling Wire at (177.270, 131.600) (177.270, 131.600) on layer: metal1
Net vdd: dangling Wire at (0.000, 134.400) (0.000, 134.400) on layer: metal1
Net vdd: dangling Wire at (177.270, 134.400) (177.270, 134.400) on layer: metal1
Net vdd: dangling Wire at (0.000, 137.200) (0.000, 137.200) on layer: metal1
Net vdd: dangling Wire at (177.270, 137.200) (177.270, 137.200) on layer: metal1
Net vdd: dangling Wire at (0.000, 140.000) (0.000, 140.000) on layer: metal1
Net vdd: dangling Wire at (177.270, 140.000) (177.270, 140.000) on layer: metal1
Net vdd: dangling Wire at (0.000, 142.800) (0.000, 142.800) on layer: metal1
Net vdd: dangling Wire at (177.270, 142.800) (177.270, 142.800) on layer: metal1
Net vdd: dangling Wire at (0.000, 145.600) (0.000, 145.600) on layer: metal1
Net vdd: dangling Wire at (177.270, 145.600) (177.270, 145.600) on layer: metal1
Net vdd: dangling Wire at (0.000, 148.400) (0.000, 148.400) on layer: metal1
Net vdd: dangling Wire at (177.270, 148.400) (177.270, 148.400) on layer: metal1
Net vdd: dangling Wire at (0.000, 151.200) (0.000, 151.200) on layer: metal1
Net vdd: dangling Wire at (177.270, 151.200) (177.270, 151.200) on layer: metal1
Net vdd: dangling Wire at (0.000, 154.000) (0.000, 154.000) on layer: metal1
Net vdd: dangling Wire at (177.270, 154.000) (177.270, 154.000) on layer: metal1
Net vdd: dangling Wire at (0.000, 156.800) (0.000, 156.800) on layer: metal1
Net vdd: dangling Wire at (177.270, 156.800) (177.270, 156.800) on layer: metal1
Net vdd: dangling Wire at (0.000, 159.600) (0.000, 159.600) on layer: metal1
Net vdd: dangling Wire at (177.270, 159.600) (177.270, 159.600) on layer: metal1
Net vdd: dangling Wire at (0.000, 162.400) (0.000, 162.400) on layer: metal1
Net vdd: dangling Wire at (177.270, 162.400) (177.270, 162.400) on layer: metal1
Net vdd: dangling Wire at (0.000, 165.200) (0.000, 165.200) on layer: metal1
Net vdd: dangling Wire at (177.270, 165.200) (177.270, 165.200) on layer: metal1
Net vdd: dangling Wire at (0.000, 168.000) (0.000, 168.000) on layer: metal1
Net vdd: dangling Wire at (177.270, 168.000) (177.270, 168.000) on layer: metal1
Net vdd: dangling Wire at (0.000, 170.800) (0.000, 170.800) on layer: metal1
Net vdd: dangling Wire at (177.270, 170.800) (177.270, 170.800) on layer: metal1
Net vdd: dangling Wire at (0.000, 173.600) (0.000, 173.600) on layer: metal1
Net vdd: dangling Wire at (177.270, 173.600) (177.270, 173.600) on layer: metal1
Net gnd: dangling Wire at (0.000, 1.400) (0.000, 1.400) on layer: metal1
Net gnd: dangling Wire at (177.270, 1.400) (177.270, 1.400) on layer: metal1
Net gnd: dangling Wire at (0.000, 4.200) (0.000, 4.200) on layer: metal1
Net gnd: dangling Wire at (177.270, 4.200) (177.270, 4.200) on layer: metal1
Net gnd: dangling Wire at (0.000, 7.000) (0.000, 7.000) on layer: metal1
Net gnd: dangling Wire at (177.270, 7.000) (177.270, 7.000) on layer: metal1
Net gnd: dangling Wire at (0.000, 9.800) (0.000, 9.800) on layer: metal1
Net gnd: dangling Wire at (177.270, 9.800) (177.270, 9.800) on layer: metal1
Net gnd: dangling Wire at (0.000, 12.600) (0.000, 12.600) on layer: metal1
Net gnd: dangling Wire at (177.270, 12.600) (177.270, 12.600) on layer: metal1
Net gnd: dangling Wire at (0.000, 15.400) (0.000, 15.400) on layer: metal1
Net gnd: dangling Wire at (177.270, 15.400) (177.270, 15.400) on layer: metal1
Net gnd: dangling Wire at (0.000, 18.200) (0.000, 18.200) on layer: metal1
Net gnd: dangling Wire at (177.270, 18.200) (177.270, 18.200) on layer: metal1
Net gnd: dangling Wire at (0.000, 21.000) (0.000, 21.000) on layer: metal1
Net gnd: dangling Wire at (177.270, 21.000) (177.270, 21.000) on layer: metal1
Net gnd: dangling Wire at (0.000, 23.800) (0.000, 23.800) on layer: metal1
Net gnd: dangling Wire at (177.270, 23.800) (177.270, 23.800) on layer: metal1
Net gnd: dangling Wire at (0.000, 26.600) (0.000, 26.600) on layer: metal1
Net gnd: dangling Wire at (177.270, 26.600) (177.270, 26.600) on layer: metal1
Net gnd: dangling Wire at (0.000, 29.400) (0.000, 29.400) on layer: metal1
Net gnd: dangling Wire at (177.270, 29.400) (177.270, 29.400) on layer: metal1
Net gnd: dangling Wire at (0.000, 32.200) (0.000, 32.200) on layer: metal1
Net gnd: dangling Wire at (177.270, 32.200) (177.270, 32.200) on layer: metal1
Net gnd: dangling Wire at (0.000, 35.000) (0.000, 35.000) on layer: metal1
Net gnd: dangling Wire at (177.270, 35.000) (177.270, 35.000) on layer: metal1
Net gnd: dangling Wire at (0.000, 37.800) (0.000, 37.800) on layer: metal1
Net gnd: dangling Wire at (177.270, 37.800) (177.270, 37.800) on layer: metal1
Net gnd: dangling Wire at (0.000, 40.600) (0.000, 40.600) on layer: metal1
Net gnd: dangling Wire at (177.270, 40.600) (177.270, 40.600) on layer: metal1
Net gnd: dangling Wire at (0.000, 43.400) (0.000, 43.400) on layer: metal1
Net gnd: dangling Wire at (177.270, 43.400) (177.270, 43.400) on layer: metal1
Net gnd: dangling Wire at (0.000, 46.200) (0.000, 46.200) on layer: metal1
Net gnd: dangling Wire at (177.270, 46.200) (177.270, 46.200) on layer: metal1
Net gnd: dangling Wire at (0.000, 49.000) (0.000, 49.000) on layer: metal1
Net gnd: dangling Wire at (177.270, 49.000) (177.270, 49.000) on layer: metal1
Net gnd: dangling Wire at (0.000, 51.800) (0.000, 51.800) on layer: metal1
Net gnd: dangling Wire at (177.270, 51.800) (177.270, 51.800) on layer: metal1
Net gnd: dangling Wire at (0.000, 54.600) (0.000, 54.600) on layer: metal1
Net gnd: dangling Wire at (177.270, 54.600) (177.270, 54.600) on layer: metal1
Net gnd: dangling Wire at (0.000, 57.400) (0.000, 57.400) on layer: metal1
Net gnd: dangling Wire at (177.270, 57.400) (177.270, 57.400) on layer: metal1
Net gnd: dangling Wire at (0.000, 60.200) (0.000, 60.200) on layer: metal1
Net gnd: dangling Wire at (177.270, 60.200) (177.270, 60.200) on layer: metal1
Net gnd: dangling Wire at (0.000, 63.000) (0.000, 63.000) on layer: metal1
Net gnd: dangling Wire at (177.270, 63.000) (177.270, 63.000) on layer: metal1
Net gnd: dangling Wire at (0.000, 65.800) (0.000, 65.800) on layer: metal1
Net gnd: dangling Wire at (177.270, 65.800) (177.270, 65.800) on layer: metal1
Net gnd: dangling Wire at (0.000, 68.600) (0.000, 68.600) on layer: metal1
Net gnd: dangling Wire at (177.270, 68.600) (177.270, 68.600) on layer: metal1
Net gnd: dangling Wire at (0.000, 71.400) (0.000, 71.400) on layer: metal1
Net gnd: dangling Wire at (177.270, 71.400) (177.270, 71.400) on layer: metal1
Net gnd: dangling Wire at (0.000, 74.200) (0.000, 74.200) on layer: metal1
Net gnd: dangling Wire at (177.270, 74.200) (177.270, 74.200) on layer: metal1
Net gnd: dangling Wire at (0.000, 77.000) (0.000, 77.000) on layer: metal1
Net gnd: dangling Wire at (177.270, 77.000) (177.270, 77.000) on layer: metal1
Net gnd: dangling Wire at (0.000, 79.800) (0.000, 79.800) on layer: metal1
Net gnd: dangling Wire at (177.270, 79.800) (177.270, 79.800) on layer: metal1
Net gnd: dangling Wire at (0.000, 82.600) (0.000, 82.600) on layer: metal1
Net gnd: dangling Wire at (177.270, 82.600) (177.270, 82.600) on layer: metal1
Net gnd: dangling Wire at (0.000, 85.400) (0.000, 85.400) on layer: metal1
Net gnd: dangling Wire at (177.270, 85.400) (177.270, 85.400) on layer: metal1
Net gnd: dangling Wire at (0.000, 88.200) (0.000, 88.200) on layer: metal1
Net gnd: dangling Wire at (177.270, 88.200) (177.270, 88.200) on layer: metal1
Net gnd: dangling Wire at (0.000, 91.000) (0.000, 91.000) on layer: metal1
Net gnd: dangling Wire at (177.270, 91.000) (177.270, 91.000) on layer: metal1
Net gnd: dangling Wire at (0.000, 93.800) (0.000, 93.800) on layer: metal1
Net gnd: dangling Wire at (177.270, 93.800) (177.270, 93.800) on layer: metal1
Net gnd: dangling Wire at (0.000, 96.600) (0.000, 96.600) on layer: metal1
Net gnd: dangling Wire at (177.270, 96.600) (177.270, 96.600) on layer: metal1
Net gnd: dangling Wire at (0.000, 99.400) (0.000, 99.400) on layer: metal1
Net gnd: dangling Wire at (177.270, 99.400) (177.270, 99.400) on layer: metal1
Net gnd: dangling Wire at (0.000, 102.200) (0.000, 102.200) on layer: metal1
Net gnd: dangling Wire at (177.270, 102.200) (177.270, 102.200) on layer: metal1
Net gnd: dangling Wire at (0.000, 105.000) (0.000, 105.000) on layer: metal1
Net gnd: dangling Wire at (177.270, 105.000) (177.270, 105.000) on layer: metal1
Net gnd: dangling Wire at (0.000, 107.800) (0.000, 107.800) on layer: metal1
Net gnd: dangling Wire at (177.270, 107.800) (177.270, 107.800) on layer: metal1
Net gnd: dangling Wire at (0.000, 110.600) (0.000, 110.600) on layer: metal1
Net gnd: dangling Wire at (177.270, 110.600) (177.270, 110.600) on layer: metal1
Net gnd: dangling Wire at (0.000, 113.400) (0.000, 113.400) on layer: metal1
Net gnd: dangling Wire at (177.270, 113.400) (177.270, 113.400) on layer: metal1
Net gnd: dangling Wire at (0.000, 116.200) (0.000, 116.200) on layer: metal1
Net gnd: dangling Wire at (177.270, 116.200) (177.270, 116.200) on layer: metal1
Net gnd: dangling Wire at (0.000, 119.000) (0.000, 119.000) on layer: metal1
Net gnd: dangling Wire at (177.270, 119.000) (177.270, 119.000) on layer: metal1
Net gnd: dangling Wire at (0.000, 121.800) (0.000, 121.800) on layer: metal1
Net gnd: dangling Wire at (177.270, 121.800) (177.270, 121.800) on layer: metal1
Net gnd: dangling Wire at (0.000, 124.600) (0.000, 124.600) on layer: metal1
Net gnd: dangling Wire at (177.270, 124.600) (177.270, 124.600) on layer: metal1
Net gnd: dangling Wire at (0.000, 127.400) (0.000, 127.400) on layer: metal1
Net gnd: dangling Wire at (177.270, 127.400) (177.270, 127.400) on layer: metal1
Net gnd: dangling Wire at (0.000, 130.200) (0.000, 130.200) on layer: metal1
Net gnd: dangling Wire at (177.270, 130.200) (177.270, 130.200) on layer: metal1
Net gnd: dangling Wire at (0.000, 133.000) (0.000, 133.000) on layer: metal1
Net gnd: dangling Wire at (177.270, 133.000) (177.270, 133.000) on layer: metal1
Net gnd: dangling Wire at (0.000, 135.800) (0.000, 135.800) on layer: metal1
Net gnd: dangling Wire at (177.270, 135.800) (177.270, 135.800) on layer: metal1
Net gnd: dangling Wire at (0.000, 138.600) (0.000, 138.600) on layer: metal1
Net gnd: dangling Wire at (177.270, 138.600) (177.270, 138.600) on layer: metal1
Net gnd: dangling Wire at (0.000, 141.400) (0.000, 141.400) on layer: metal1
Net gnd: dangling Wire at (177.270, 141.400) (177.270, 141.400) on layer: metal1
Net gnd: dangling Wire at (0.000, 144.200) (0.000, 144.200) on layer: metal1
Net gnd: dangling Wire at (177.270, 144.200) (177.270, 144.200) on layer: metal1
Net gnd: dangling Wire at (0.000, 147.000) (0.000, 147.000) on layer: metal1
Net gnd: dangling Wire at (177.270, 147.000) (177.270, 147.000) on layer: metal1
Net gnd: dangling Wire at (0.000, 149.800) (0.000, 149.800) on layer: metal1
Net gnd: dangling Wire at (177.270, 149.800) (177.270, 149.800) on layer: metal1
Net gnd: dangling Wire at (0.000, 152.600) (0.000, 152.600) on layer: metal1
Net gnd: dangling Wire at (177.270, 152.600) (177.270, 152.600) on layer: metal1
Net gnd: dangling Wire at (0.000, 155.400) (0.000, 155.400) on layer: metal1
Net gnd: dangling Wire at (177.270, 155.400) (177.270, 155.400) on layer: metal1
Net gnd: dangling Wire at (0.000, 158.200) (0.000, 158.200) on layer: metal1
Net gnd: dangling Wire at (177.270, 158.200) (177.270, 158.200) on layer: metal1
Net gnd: dangling Wire at (0.000, 161.000) (0.000, 161.000) on layer: metal1
Net gnd: dangling Wire at (177.270, 161.000) (177.270, 161.000) on layer: metal1
Net gnd: dangling Wire at (0.000, 163.800) (0.000, 163.800) on layer: metal1
Net gnd: dangling Wire at (177.270, 163.800) (177.270, 163.800) on layer: metal1
Net gnd: dangling Wire at (0.000, 166.600) (0.000, 166.600) on layer: metal1
Net gnd: dangling Wire at (177.270, 166.600) (177.270, 166.600) on layer: metal1
Net gnd: dangling Wire at (0.000, 169.400) (0.000, 169.400) on layer: metal1
Net gnd: dangling Wire at (177.270, 169.400) (177.270, 169.400) on layer: metal1
Net gnd: dangling Wire at (0.000, 172.200) (0.000, 172.200) on layer: metal1
Net gnd: dangling Wire at (177.270, 172.200) (177.270, 172.200) on layer: metal1
Net gnd: dangling Wire at (0.000, 175.000) (0.000, 175.000) on layer: metal1
Net gnd: dangling Wire at (177.270, 175.000) (177.270, 175.000) on layer: metal1

Begin Summary
    2 Problem(s) (IMPVFC-200): Special Wires: Pieces of the net are not connected together.
    252 Problem(s) (IMPVFC-94): The net has dangling wire(s).
    254 total info(s) created.
End Summary
