###############################################################
#  Generated by:      Cadence Innovus 21.19-s058_1
#  OS:                Linux x86_64(Host ID endeavour.ece.iit.edu)
#  Generated on:      Tue Dec  2 21:57:28 2025
#  Design:            cpu
#  Command:           verifyConnectivity
###############################################################
Verify Connectivity Report is created on Tue Dec  2 21:57:28 2025



Net vdd: has special routes with opens at (0.000, 2.460) (182.670, 180.660)
Net vdd: has special routes with opens at (0.000, -0.085) (176.700, 0.085)
Net vdd: dangling Wire at (0.000, 0.000) (0.000, 0.000) on layer: metal1
Net vdd: dangling Wire at (176.700, 0.000) (176.700, 0.000) on layer: metal1
Net vdd: dangling Wire at (0.000, 2.800) (0.000, 2.800) on layer: metal1
Net vdd: dangling Wire at (0.000, 5.600) (0.000, 5.600) on layer: metal1
Net vdd: dangling Wire at (0.000, 8.400) (0.000, 8.400) on layer: metal1
Net vdd: dangling Wire at (0.000, 11.200) (0.000, 11.200) on layer: metal1
Net vdd: dangling Wire at (0.000, 14.000) (0.000, 14.000) on layer: metal1
Net vdd: dangling Wire at (0.000, 16.800) (0.000, 16.800) on layer: metal1
Net vdd: dangling Wire at (0.000, 19.600) (0.000, 19.600) on layer: metal1
Net vdd: dangling Wire at (0.000, 22.400) (0.000, 22.400) on layer: metal1
Net vdd: dangling Wire at (0.000, 25.200) (0.000, 25.200) on layer: metal1
Net vdd: dangling Wire at (0.000, 28.000) (0.000, 28.000) on layer: metal1
Net vdd: dangling Wire at (0.000, 30.800) (0.000, 30.800) on layer: metal1
Net vdd: dangling Wire at (0.000, 33.600) (0.000, 33.600) on layer: metal1
Net vdd: dangling Wire at (0.000, 36.400) (0.000, 36.400) on layer: metal1
Net vdd: dangling Wire at (0.000, 39.200) (0.000, 39.200) on layer: metal1
Net vdd: dangling Wire at (0.000, 42.000) (0.000, 42.000) on layer: metal1
Net vdd: dangling Wire at (0.000, 44.800) (0.000, 44.800) on layer: metal1
Net vdd: dangling Wire at (0.000, 47.600) (0.000, 47.600) on layer: metal1
Net vdd: dangling Wire at (0.000, 50.400) (0.000, 50.400) on layer: metal1
Net vdd: dangling Wire at (0.000, 53.200) (0.000, 53.200) on layer: metal1
Net vdd: dangling Wire at (0.000, 56.000) (0.000, 56.000) on layer: metal1
Net vdd: dangling Wire at (0.000, 58.800) (0.000, 58.800) on layer: metal1
Net vdd: dangling Wire at (0.000, 61.600) (0.000, 61.600) on layer: metal1
Net vdd: dangling Wire at (0.000, 64.400) (0.000, 64.400) on layer: metal1
Net vdd: dangling Wire at (0.000, 67.200) (0.000, 67.200) on layer: metal1
Net vdd: dangling Wire at (0.000, 70.000) (0.000, 70.000) on layer: metal1
Net vdd: dangling Wire at (0.000, 72.800) (0.000, 72.800) on layer: metal1
Net vdd: dangling Wire at (0.000, 75.600) (0.000, 75.600) on layer: metal1
Net vdd: dangling Wire at (0.000, 78.400) (0.000, 78.400) on layer: metal1
Net vdd: dangling Wire at (0.000, 81.200) (0.000, 81.200) on layer: metal1
Net vdd: dangling Wire at (0.000, 84.000) (0.000, 84.000) on layer: metal1
Net vdd: dangling Wire at (0.000, 86.800) (0.000, 86.800) on layer: metal1
Net vdd: dangling Wire at (0.000, 89.600) (0.000, 89.600) on layer: metal1
Net vdd: dangling Wire at (0.000, 92.400) (0.000, 92.400) on layer: metal1
Net vdd: dangling Wire at (0.000, 95.200) (0.000, 95.200) on layer: metal1
Net vdd: dangling Wire at (0.000, 98.000) (0.000, 98.000) on layer: metal1
Net vdd: dangling Wire at (0.000, 100.800) (0.000, 100.800) on layer: metal1
Net vdd: dangling Wire at (0.000, 103.600) (0.000, 103.600) on layer: metal1
Net vdd: dangling Wire at (0.000, 106.400) (0.000, 106.400) on layer: metal1
Net vdd: dangling Wire at (0.000, 109.200) (0.000, 109.200) on layer: metal1
Net vdd: dangling Wire at (0.000, 112.000) (0.000, 112.000) on layer: metal1
Net vdd: dangling Wire at (0.000, 114.800) (0.000, 114.800) on layer: metal1
Net vdd: dangling Wire at (0.000, 117.600) (0.000, 117.600) on layer: metal1
Net vdd: dangling Wire at (0.000, 120.400) (0.000, 120.400) on layer: metal1
Net vdd: dangling Wire at (0.000, 123.200) (0.000, 123.200) on layer: metal1
Net vdd: dangling Wire at (0.000, 126.000) (0.000, 126.000) on layer: metal1
Net vdd: dangling Wire at (0.000, 128.800) (0.000, 128.800) on layer: metal1
Net vdd: dangling Wire at (0.000, 131.600) (0.000, 131.600) on layer: metal1
Net vdd: dangling Wire at (0.000, 134.400) (0.000, 134.400) on layer: metal1
Net vdd: dangling Wire at (0.000, 137.200) (0.000, 137.200) on layer: metal1
Net vdd: dangling Wire at (0.000, 140.000) (0.000, 140.000) on layer: metal1
Net vdd: dangling Wire at (0.000, 142.800) (0.000, 142.800) on layer: metal1
Net vdd: dangling Wire at (0.000, 145.600) (0.000, 145.600) on layer: metal1
Net vdd: dangling Wire at (0.000, 148.400) (0.000, 148.400) on layer: metal1
Net vdd: dangling Wire at (0.000, 151.200) (0.000, 151.200) on layer: metal1
Net vdd: dangling Wire at (0.000, 154.000) (0.000, 154.000) on layer: metal1
Net vdd: dangling Wire at (0.000, 156.800) (0.000, 156.800) on layer: metal1
Net vdd: dangling Wire at (0.000, 159.600) (0.000, 159.600) on layer: metal1
Net vdd: dangling Wire at (0.000, 162.400) (0.000, 162.400) on layer: metal1
Net vdd: dangling Wire at (0.000, 165.200) (0.000, 165.200) on layer: metal1
Net vdd: dangling Wire at (0.000, 168.000) (0.000, 168.000) on layer: metal1
Net vdd: dangling Wire at (0.000, 170.800) (0.000, 170.800) on layer: metal1
Net vdd: dangling Wire at (0.000, 173.600) (0.000, 173.600) on layer: metal1
Net gnd: dangling Wire at (0.000, 1.400) (0.000, 1.400) on layer: metal1
Net gnd: dangling Wire at (176.700, 1.400) (176.700, 1.400) on layer: metal1
Net gnd: dangling Wire at (0.000, 4.200) (0.000, 4.200) on layer: metal1
Net gnd: dangling Wire at (176.700, 4.200) (176.700, 4.200) on layer: metal1
Net gnd: dangling Wire at (0.000, 7.000) (0.000, 7.000) on layer: metal1
Net gnd: dangling Wire at (176.700, 7.000) (176.700, 7.000) on layer: metal1
Net gnd: dangling Wire at (0.000, 9.800) (0.000, 9.800) on layer: metal1
Net gnd: dangling Wire at (176.700, 9.800) (176.700, 9.800) on layer: metal1
Net gnd: dangling Wire at (0.000, 12.600) (0.000, 12.600) on layer: metal1
Net gnd: dangling Wire at (176.700, 12.600) (176.700, 12.600) on layer: metal1
Net gnd: dangling Wire at (0.000, 15.400) (0.000, 15.400) on layer: metal1
Net gnd: dangling Wire at (176.700, 15.400) (176.700, 15.400) on layer: metal1
Net gnd: dangling Wire at (0.000, 18.200) (0.000, 18.200) on layer: metal1
Net gnd: dangling Wire at (176.700, 18.200) (176.700, 18.200) on layer: metal1
Net gnd: dangling Wire at (0.000, 21.000) (0.000, 21.000) on layer: metal1
Net gnd: dangling Wire at (176.700, 21.000) (176.700, 21.000) on layer: metal1
Net gnd: dangling Wire at (0.000, 23.800) (0.000, 23.800) on layer: metal1
Net gnd: dangling Wire at (176.700, 23.800) (176.700, 23.800) on layer: metal1
Net gnd: dangling Wire at (0.000, 26.600) (0.000, 26.600) on layer: metal1
Net gnd: dangling Wire at (176.700, 26.600) (176.700, 26.600) on layer: metal1
Net gnd: dangling Wire at (0.000, 29.400) (0.000, 29.400) on layer: metal1
Net gnd: dangling Wire at (176.700, 29.400) (176.700, 29.400) on layer: metal1
Net gnd: dangling Wire at (0.000, 32.200) (0.000, 32.200) on layer: metal1
Net gnd: dangling Wire at (176.700, 32.200) (176.700, 32.200) on layer: metal1
Net gnd: dangling Wire at (0.000, 35.000) (0.000, 35.000) on layer: metal1
Net gnd: dangling Wire at (176.700, 35.000) (176.700, 35.000) on layer: metal1
Net gnd: dangling Wire at (0.000, 37.800) (0.000, 37.800) on layer: metal1
Net gnd: dangling Wire at (176.700, 37.800) (176.700, 37.800) on layer: metal1
Net gnd: dangling Wire at (0.000, 40.600) (0.000, 40.600) on layer: metal1
Net gnd: dangling Wire at (176.700, 40.600) (176.700, 40.600) on layer: metal1
Net gnd: dangling Wire at (0.000, 43.400) (0.000, 43.400) on layer: metal1
Net gnd: dangling Wire at (176.700, 43.400) (176.700, 43.400) on layer: metal1
Net gnd: dangling Wire at (0.000, 46.200) (0.000, 46.200) on layer: metal1
Net gnd: dangling Wire at (176.700, 46.200) (176.700, 46.200) on layer: metal1
Net gnd: dangling Wire at (0.000, 49.000) (0.000, 49.000) on layer: metal1
Net gnd: dangling Wire at (176.700, 49.000) (176.700, 49.000) on layer: metal1
Net gnd: dangling Wire at (0.000, 51.800) (0.000, 51.800) on layer: metal1
Net gnd: dangling Wire at (176.700, 51.800) (176.700, 51.800) on layer: metal1
Net gnd: dangling Wire at (0.000, 54.600) (0.000, 54.600) on layer: metal1
Net gnd: dangling Wire at (176.700, 54.600) (176.700, 54.600) on layer: metal1
Net gnd: dangling Wire at (0.000, 57.400) (0.000, 57.400) on layer: metal1
Net gnd: dangling Wire at (176.700, 57.400) (176.700, 57.400) on layer: metal1
Net gnd: dangling Wire at (0.000, 60.200) (0.000, 60.200) on layer: metal1
Net gnd: dangling Wire at (176.700, 60.200) (176.700, 60.200) on layer: metal1
Net gnd: dangling Wire at (0.000, 63.000) (0.000, 63.000) on layer: metal1
Net gnd: dangling Wire at (176.700, 63.000) (176.700, 63.000) on layer: metal1
Net gnd: dangling Wire at (0.000, 65.800) (0.000, 65.800) on layer: metal1
Net gnd: dangling Wire at (176.700, 65.800) (176.700, 65.800) on layer: metal1
Net gnd: dangling Wire at (0.000, 68.600) (0.000, 68.600) on layer: metal1
Net gnd: dangling Wire at (176.700, 68.600) (176.700, 68.600) on layer: metal1
Net gnd: dangling Wire at (0.000, 71.400) (0.000, 71.400) on layer: metal1
Net gnd: dangling Wire at (176.700, 71.400) (176.700, 71.400) on layer: metal1
Net gnd: dangling Wire at (0.000, 74.200) (0.000, 74.200) on layer: metal1
Net gnd: dangling Wire at (176.700, 74.200) (176.700, 74.200) on layer: metal1
Net gnd: dangling Wire at (0.000, 77.000) (0.000, 77.000) on layer: metal1
Net gnd: dangling Wire at (176.700, 77.000) (176.700, 77.000) on layer: metal1
Net gnd: dangling Wire at (0.000, 79.800) (0.000, 79.800) on layer: metal1
Net gnd: dangling Wire at (176.700, 79.800) (176.700, 79.800) on layer: metal1
Net gnd: dangling Wire at (0.000, 82.600) (0.000, 82.600) on layer: metal1
Net gnd: dangling Wire at (176.700, 82.600) (176.700, 82.600) on layer: metal1
Net gnd: dangling Wire at (0.000, 85.400) (0.000, 85.400) on layer: metal1
Net gnd: dangling Wire at (176.700, 85.400) (176.700, 85.400) on layer: metal1
Net gnd: dangling Wire at (0.000, 88.200) (0.000, 88.200) on layer: metal1
Net gnd: dangling Wire at (176.700, 88.200) (176.700, 88.200) on layer: metal1
Net gnd: dangling Wire at (0.000, 91.000) (0.000, 91.000) on layer: metal1
Net gnd: dangling Wire at (176.700, 91.000) (176.700, 91.000) on layer: metal1
Net gnd: dangling Wire at (0.000, 93.800) (0.000, 93.800) on layer: metal1
Net gnd: dangling Wire at (176.700, 93.800) (176.700, 93.800) on layer: metal1
Net gnd: dangling Wire at (0.000, 96.600) (0.000, 96.600) on layer: metal1
Net gnd: dangling Wire at (176.700, 96.600) (176.700, 96.600) on layer: metal1
Net gnd: dangling Wire at (0.000, 99.400) (0.000, 99.400) on layer: metal1
Net gnd: dangling Wire at (176.700, 99.400) (176.700, 99.400) on layer: metal1
Net gnd: dangling Wire at (0.000, 102.200) (0.000, 102.200) on layer: metal1
Net gnd: dangling Wire at (176.700, 102.200) (176.700, 102.200) on layer: metal1
Net gnd: dangling Wire at (0.000, 105.000) (0.000, 105.000) on layer: metal1
Net gnd: dangling Wire at (176.700, 105.000) (176.700, 105.000) on layer: metal1
Net gnd: dangling Wire at (0.000, 107.800) (0.000, 107.800) on layer: metal1
Net gnd: dangling Wire at (176.700, 107.800) (176.700, 107.800) on layer: metal1
Net gnd: dangling Wire at (0.000, 110.600) (0.000, 110.600) on layer: metal1
Net gnd: dangling Wire at (176.700, 110.600) (176.700, 110.600) on layer: metal1
Net gnd: dangling Wire at (0.000, 113.400) (0.000, 113.400) on layer: metal1
Net gnd: dangling Wire at (176.700, 113.400) (176.700, 113.400) on layer: metal1
Net gnd: dangling Wire at (0.000, 116.200) (0.000, 116.200) on layer: metal1
Net gnd: dangling Wire at (176.700, 116.200) (176.700, 116.200) on layer: metal1
Net gnd: dangling Wire at (0.000, 119.000) (0.000, 119.000) on layer: metal1
Net gnd: dangling Wire at (176.700, 119.000) (176.700, 119.000) on layer: metal1
Net gnd: dangling Wire at (0.000, 121.800) (0.000, 121.800) on layer: metal1
Net gnd: dangling Wire at (176.700, 121.800) (176.700, 121.800) on layer: metal1
Net gnd: dangling Wire at (0.000, 124.600) (0.000, 124.600) on layer: metal1
Net gnd: dangling Wire at (176.700, 124.600) (176.700, 124.600) on layer: metal1
Net gnd: dangling Wire at (0.000, 127.400) (0.000, 127.400) on layer: metal1
Net gnd: dangling Wire at (176.700, 127.400) (176.700, 127.400) on layer: metal1
Net gnd: dangling Wire at (0.000, 130.200) (0.000, 130.200) on layer: metal1
Net gnd: dangling Wire at (176.700, 130.200) (176.700, 130.200) on layer: metal1
Net gnd: dangling Wire at (0.000, 133.000) (0.000, 133.000) on layer: metal1
Net gnd: dangling Wire at (176.700, 133.000) (176.700, 133.000) on layer: metal1
Net gnd: dangling Wire at (0.000, 135.800) (0.000, 135.800) on layer: metal1
Net gnd: dangling Wire at (176.700, 135.800) (176.700, 135.800) on layer: metal1
Net gnd: dangling Wire at (0.000, 138.600) (0.000, 138.600) on layer: metal1
Net gnd: dangling Wire at (176.700, 138.600) (176.700, 138.600) on layer: metal1
Net gnd: dangling Wire at (0.000, 141.400) (0.000, 141.400) on layer: metal1
Net gnd: dangling Wire at (176.700, 141.400) (176.700, 141.400) on layer: metal1
Net gnd: dangling Wire at (0.000, 144.200) (0.000, 144.200) on layer: metal1
Net gnd: dangling Wire at (176.700, 144.200) (176.700, 144.200) on layer: metal1
Net gnd: dangling Wire at (0.000, 147.000) (0.000, 147.000) on layer: metal1
Net gnd: dangling Wire at (176.700, 147.000) (176.700, 147.000) on layer: metal1
Net gnd: dangling Wire at (0.000, 149.800) (0.000, 149.800) on layer: metal1
Net gnd: dangling Wire at (176.700, 149.800) (176.700, 149.800) on layer: metal1
Net gnd: dangling Wire at (0.000, 152.600) (0.000, 152.600) on layer: metal1
Net gnd: dangling Wire at (176.700, 152.600) (176.700, 152.600) on layer: metal1
Net gnd: dangling Wire at (0.000, 155.400) (0.000, 155.400) on layer: metal1
Net gnd: dangling Wire at (176.700, 155.400) (176.700, 155.400) on layer: metal1
Net gnd: dangling Wire at (0.000, 158.200) (0.000, 158.200) on layer: metal1
Net gnd: dangling Wire at (176.700, 158.200) (176.700, 158.200) on layer: metal1
Net gnd: dangling Wire at (0.000, 161.000) (0.000, 161.000) on layer: metal1
Net gnd: dangling Wire at (176.700, 161.000) (176.700, 161.000) on layer: metal1
Net gnd: dangling Wire at (0.000, 163.800) (0.000, 163.800) on layer: metal1
Net gnd: dangling Wire at (176.700, 163.800) (176.700, 163.800) on layer: metal1
Net gnd: dangling Wire at (0.000, 166.600) (0.000, 166.600) on layer: metal1
Net gnd: dangling Wire at (176.700, 166.600) (176.700, 166.600) on layer: metal1
Net gnd: dangling Wire at (0.000, 169.400) (0.000, 169.400) on layer: metal1
Net gnd: dangling Wire at (176.700, 169.400) (176.700, 169.400) on layer: metal1
Net gnd: dangling Wire at (0.000, 172.200) (0.000, 172.200) on layer: metal1
Net gnd: dangling Wire at (176.700, 172.200) (176.700, 172.200) on layer: metal1
Net gnd: dangling Wire at (0.000, 175.000) (0.000, 175.000) on layer: metal1
Net gnd: dangling Wire at (176.700, 175.000) (176.700, 175.000) on layer: metal1

Begin Summary
    2 Problem(s) (IMPVFC-200): Special Wires: Pieces of the net are not connected together.
    190 Problem(s) (IMPVFC-94): The net has dangling wire(s).
    192 total info(s) created.
End Summary
